2019-12-13 11:15:02  开始调度
2019-12-13 11:15:10 同步部门 任务开始
2019-12-13 11:15:11 同步部门 get group data successsql contain:select dep_parent from dt_dep  group by dep_parent
2019-12-13 11:15:13 同步部门 [加写锁失败]无法连接到远程服务器
2019-12-13 11:15:13 同步部门 [获取或推送数据失败]
2019-12-13 11:15:20 同步部门 任务开始
2019-12-13 11:15:20 同步部门 get group data successsql contain:select dep_parent from dt_dep  group by dep_parent
2019-12-13 11:15:21 同步部门 [加写锁失败]无法连接到远程服务器
2019-12-13 11:15:21 同步部门 [获取或推送数据失败]
2019-12-13 11:15:25 同步人员 任务开始
2019-12-13 11:15:27 同步人员 SCM一卡通临时表创建成功
2019-12-13 11:15:27  停止调度
2019-12-13 11:15:28 同步人员 [加读锁失败]无法连接到远程服务器
2019-12-13 14:29:41  数据库操作异常没有为命令对象设置命令。
2019-12-13 14:29:53  数据库操作异常没有为命令对象设置命令。
2019-12-13 14:30:46  数据库操作异常没有为命令对象设置命令。
2019-12-13 14:39:05  开始调度
2019-12-13 14:39:53  停止调度
2019-12-13 14:39:55 sync photo 任务开始
2019-12-13 14:39:55 sync photo SCM-考勤临时表创建成功
2019-12-13 14:39:55 sync photo 无分组
2019-12-13 14:39:56 sync photo 获取原始数据成功【rowcount】:1175,【run sql】:select AccNo xh,Pic zp from ac_dict_AccPicture
2019-12-13 14:39:57  数据库操作异常在将 varchar 值 'System.Byte[]' 转换成数据类型 int 时失败。
2019-12-13 14:39:57 sync photo [task fail]向临时表插入新数据失败，【执行语句】:
insert into tmp_photo(xh,zp)values(2,'System.Byte[]')
insert into tmp_photo(xh,zp)values(3,'System.Byte[]')
insert into tmp_photo(xh,zp)values(4,'System.Byte[]')
insert into tmp_photo(xh,zp)values(5,'System.Byte[]')
insert into tmp_photo(xh,zp)values(6,'System.Byte[]')
insert into tmp_photo(xh,zp)values(7,'System.Byte[]')
insert into tmp_photo(xh,zp)values(8,'System.Byte[]')
insert into tmp_photo(xh,zp)values(9,'System.Byte[]')
insert into tmp_photo(xh,zp)values(10,'System.Byte[]')
insert into tmp_photo(xh,zp)values(11,'System.Byte[]')
insert into tmp_photo(xh,zp)values(12,'System.Byte[]')
insert into tmp_photo(xh,zp)values(13,'System.Byte[]')
insert into tmp_photo(xh,zp)values(14,'System.Byte[]')
insert into tmp_photo(xh,zp)values(15,'System.Byte[]')
insert into tmp_photo(xh,zp)values(16,'System.Byte[]')
insert into tmp_photo(xh,zp)values(17,'System.Byte[]')
insert into tmp_photo(xh,zp)values(18,'System.Byte[]')
insert into tmp_photo(xh,zp)values(19,'System.Byte[]')
insert into tmp_photo(xh,zp)values(20,'System.Byte[]')
insert into tmp_photo(xh,zp)values(21,'System.Byte[]')
insert into tmp_photo(xh,zp)values(22,'System.Byte[]')
insert into tmp_photo(xh,zp)values(23,'System.Byte[]')
insert into tmp_photo(xh,zp)values(24,'System.Byte[]')
insert into tmp_photo(xh,zp)values(25,'System.Byte[]')
insert into tmp_photo(xh,zp)values(26,'System.Byte[]')
insert into tmp_photo(xh,zp)values(27,'System.Byte[]')
insert into tmp_photo(xh,zp)values(28,'System.Byte[]')
insert into tmp_photo(xh,zp)values(29,'System.Byte[]')
insert into tmp_photo(xh,zp)values(30,'System.Byte[]')
insert into tmp_photo(xh,zp)values(31,'System.Byte[]')
insert into tmp_photo(xh,zp)values(32,'System.Byte[]')
insert into tmp_photo(xh,zp)values(33,'System.Byte[]')
insert into tmp_photo(xh,zp)values(34,'System.Byte[]')
insert into tmp_photo(xh,zp)values(35,'System.Byte[]')
insert into tmp_photo(xh,zp)values(36,'System.Byte[]')
insert into tmp_photo(xh,zp)values(37,'System.Byte[]')
insert into tmp_photo(xh,zp)values(38,'System.Byte[]')
insert into tmp_photo(xh,zp)values(39,'System.Byte[]')
insert into tmp_photo(xh,zp)values(40,'System.Byte[]')
insert into tmp_photo(xh,zp)values(41,'System.Byte[]')
insert into tmp_photo(xh,zp)values(42,'System.Byte[]')
insert into tmp_photo(xh,zp)values(43,'System.Byte[]')
insert into tmp_photo(xh,zp)values(44,'System.Byte[]')
insert into tmp_photo(xh,zp)values(45,'System.Byte[]')
insert into tmp_photo(xh,zp)values(46,'System.Byte[]')
insert into tmp_photo(xh,zp)values(47,'System.Byte[]')
insert into tmp_photo(xh,zp)values(48,'System.Byte[]')
insert into tmp_photo(xh,zp)values(49,'System.Byte[]')
insert into tmp_photo(xh,zp)values(50,'System.Byte[]')
insert into tmp_photo(xh,zp)values(51,'System.Byte[]')
insert into tmp_photo(xh,zp)values(52,'System.Byte[]')
insert into tmp_photo(xh,zp)values(53,'System.Byte[]')
insert into tmp_photo(xh,zp)values(54,'System.Byte[]')
insert into tmp_photo(xh,zp)values(55,'System.Byte[]')
insert into tmp_photo(xh,zp)values(56,'System.Byte[]')
insert into tmp_photo(xh,zp)values(57,'System.Byte[]')
insert into tmp_photo(xh,zp)values(58,'System.Byte[]')
insert into tmp_photo(xh,zp)values(59,'System.Byte[]')
insert into tmp_photo(xh,zp)values(60,'System.Byte[]')
insert into tmp_photo(xh,zp)values(61,'System.Byte[]')
insert into tmp_photo(xh,zp)values(62,'System.Byte[]')
insert into tmp_photo(xh,zp)values(63,'System.Byte[]')
insert into tmp_photo(xh,zp)values(64,'System.Byte[]')
insert into tmp_photo(xh,zp)values(65,'System.Byte[]')
insert into tmp_photo(xh,zp)values(66,'System.Byte[]')
insert into tmp_photo(xh,zp)values(67,'System.Byte[]')
insert into tmp_photo(xh,zp)values(68,'System.Byte[]')
insert into tmp_photo(xh,zp)values(69,'System.Byte[]')
insert into tmp_photo(xh,zp)values(70,'System.Byte[]')
insert into tmp_photo(xh,zp)values(71,'System.Byte[]')
insert into tmp_photo(xh,zp)values(72,'System.Byte[]')
insert into tmp_photo(xh,zp)values(73,'System.Byte[]')
insert into tmp_photo(xh,zp)values(74,'System.Byte[]')
insert into tmp_photo(xh,zp)values(75,'System.Byte[]')
insert into tmp_photo(xh,zp)values(76,'System.Byte[]')
insert into tmp_photo(xh,zp)values(77,'System.Byte[]')
insert into tmp_photo(xh,zp)values(78,'System.Byte[]')
insert into tmp_photo(xh,zp)values(79,'System.Byte[]')
insert into tmp_photo(xh,zp)values(80,'System.Byte[]')
insert into tmp_photo(xh,zp)values(81,'System.Byte[]')
insert into tmp_photo(xh,zp)values(82,'System.Byte[]')
insert into tmp_photo(xh,zp)values(83,'System.Byte[]')
insert into tmp_photo(xh,zp)values(84,'System.Byte[]')
insert into tmp_photo(xh,zp)values(85,'System.Byte[]')
insert into tmp_photo(xh,zp)values(86,'System.Byte[]')
insert into tmp_photo(xh,zp)values(87,'System.Byte[]')
insert into tmp_photo(xh,zp)values(88,'System.Byte[]')
insert into tmp_photo(xh,zp)values(89,'System.Byte[]')
insert into tmp_photo(xh,zp)values(90,'System.Byte[]')
insert into tmp_photo(xh,zp)values(91,'System.Byte[]')
insert into tmp_photo(xh,zp)values(92,'System.Byte[]')
insert into tmp_photo(xh,zp)values(93,'System.Byte[]')
insert into tmp_photo(xh,zp)values(94,'System.Byte[]')
insert into tmp_photo(xh,zp)values(95,'System.Byte[]')
insert into tmp_photo(xh,zp)values(96,'System.Byte[]')
insert into tmp_photo(xh,zp)values(97,'System.Byte[]')
insert into tmp_photo(xh,zp)values(98,'System.Byte[]')
insert into tmp_photo(xh,zp)values(99,'System.Byte[]')
insert into tmp_photo(xh,zp)values(100,'System.Byte[]')
insert into tmp_photo(xh,zp)values(101,'System.Byte[]')
insert into tmp_photo(xh,zp)values(102,'System.Byte[]')
insert into tmp_photo(xh,zp)values(103,'System.Byte[]')
insert into tmp_photo(xh,zp)values(104,'System.Byte[]')
insert into tmp_photo(xh,zp)values(105,'System.Byte[]')
insert into tmp_photo(xh,zp)values(106,'System.Byte[]')
insert into tmp_photo(xh,zp)values(107,'System.Byte[]')
insert into tmp_photo(xh,zp)values(108,'System.Byte[]')
insert into tmp_photo(xh,zp)values(109,'System.Byte[]')
insert into tmp_photo(xh,zp)values(110,'System.Byte[]')
insert into tmp_photo(xh,zp)values(111,'System.Byte[]')
insert into tmp_photo(xh,zp)values(112,'System.Byte[]')
insert into tmp_photo(xh,zp)values(113,'System.Byte[]')
insert into tmp_photo(xh,zp)values(114,'System.Byte[]')
insert into tmp_photo(xh,zp)values(115,'System.Byte[]')
insert into tmp_photo(xh,zp)values(116,'System.Byte[]')
insert into tmp_photo(xh,zp)values(117,'System.Byte[]')
insert into tmp_photo(xh,zp)values(118,'System.Byte[]')
insert into tmp_photo(xh,zp)values(119,'System.Byte[]')
insert into tmp_photo(xh,zp)values(120,'System.Byte[]')
insert into tmp_photo(xh,zp)values(121,'System.Byte[]')
insert into tmp_photo(xh,zp)values(122,'System.Byte[]')
insert into tmp_photo(xh,zp)values(123,'System.Byte[]')
insert into tmp_photo(xh,zp)values(124,'System.Byte[]')
insert into tmp_photo(xh,zp)values(125,'System.Byte[]')
insert into tmp_photo(xh,zp)values(126,'System.Byte[]')
insert into tmp_photo(xh,zp)values(127,'System.Byte[]')
insert into tmp_photo(xh,zp)values(128,'System.Byte[]')
insert into tmp_photo(xh,zp)values(129,'System.Byte[]')
insert into tmp_photo(xh,zp)values(130,'System.Byte[]')
insert into tmp_photo(xh,zp)values(131,'System.Byte[]')
insert into tmp_photo(xh,zp)values(132,'System.Byte[]')
insert into tmp_photo(xh,zp)values(133,'System.Byte[]')
insert into tmp_photo(xh,zp)values(134,'System.Byte[]')
insert into tmp_photo(xh,zp)values(135,'System.Byte[]')
insert into tmp_photo(xh,zp)values(136,'System.Byte[]')
insert into tmp_photo(xh,zp)values(137,'System.Byte[]')
insert into tmp_photo(xh,zp)values(138,'System.Byte[]')
insert into tmp_photo(xh,zp)values(139,'System.Byte[]')
insert into tmp_photo(xh,zp)values(140,'System.Byte[]')
insert into tmp_photo(xh,zp)values(141,'System.Byte[]')
insert into tmp_photo(xh,zp)values(142,'System.Byte[]')
insert into tmp_photo(xh,zp)values(143,'System.Byte[]')
insert into tmp_photo(xh,zp)values(144,'System.Byte[]')
insert into tmp_photo(xh,zp)values(145,'System.Byte[]')
insert into tmp_photo(xh,zp)values(146,'System.Byte[]')
insert into tmp_photo(xh,zp)values(147,'System.Byte[]')
insert into tmp_photo(xh,zp)values(148,'System.Byte[]')
insert into tmp_photo(xh,zp)values(149,'System.Byte[]')
insert into tmp_photo(xh,zp)values(150,'System.Byte[]')
insert into tmp_photo(xh,zp)values(151,'System.Byte[]')
insert into tmp_photo(xh,zp)values(152,'System.Byte[]')
insert into tmp_photo(xh,zp)values(153,'System.Byte[]')
insert into tmp_photo(xh,zp)values(154,'System.Byte[]')
insert into tmp_photo(xh,zp)values(155,'System.Byte[]')
insert into tmp_photo(xh,zp)values(156,'System.Byte[]')
insert into tmp_photo(xh,zp)values(157,'System.Byte[]')
insert into tmp_photo(xh,zp)values(158,'System.Byte[]')
insert into tmp_photo(xh,zp)values(159,'System.Byte[]')
insert into tmp_photo(xh,zp)values(160,'System.Byte[]')
insert into tmp_photo(xh,zp)values(161,'System.Byte[]')
insert into tmp_photo(xh,zp)values(162,'System.Byte[]')
insert into tmp_photo(xh,zp)values(163,'System.Byte[]')
insert into tmp_photo(xh,zp)values(164,'System.Byte[]')
insert into tmp_photo(xh,zp)values(165,'System.Byte[]')
insert into tmp_photo(xh,zp)values(166,'System.Byte[]')
insert into tmp_photo(xh,zp)values(167,'System.Byte[]')
insert into tmp_photo(xh,zp)values(168,'System.Byte[]')
insert into tmp_photo(xh,zp)values(169,'System.Byte[]')
insert into tmp_photo(xh,zp)values(170,'System.Byte[]')
insert into tmp_photo(xh,zp)values(171,'System.Byte[]')
insert into tmp_photo(xh,zp)values(172,'System.Byte[]')
insert into tmp_photo(xh,zp)values(173,'System.Byte[]')
insert into tmp_photo(xh,zp)values(174,'System.Byte[]')
insert into tmp_photo(xh,zp)values(175,'System.Byte[]')
insert into tmp_photo(xh,zp)values(176,'System.Byte[]')
insert into tmp_photo(xh,zp)values(177,'System.Byte[]')
insert into tmp_photo(xh,zp)values(178,'System.Byte[]')
insert into tmp_photo(xh,zp)values(179,'System.Byte[]')
insert into tmp_photo(xh,zp)values(180,'System.Byte[]')
insert into tmp_photo(xh,zp)values(181,'System.Byte[]')
insert into tmp_photo(xh,zp)values(182,'System.Byte[]')
insert into tmp_photo(xh,zp)values(183,'System.Byte[]')
insert into tmp_photo(xh,zp)values(184,'System.Byte[]')
insert into tmp_photo(xh,zp)values(185,'System.Byte[]')
insert into tmp_photo(xh,zp)values(186,'System.Byte[]')
insert into tmp_photo(xh,zp)values(187,'System.Byte[]')
insert into tmp_photo(xh,zp)values(188,'System.Byte[]')
insert into tmp_photo(xh,zp)values(189,'System.Byte[]')
insert into tmp_photo(xh,zp)values(190,'System.Byte[]')
insert into tmp_photo(xh,zp)values(191,'System.Byte[]')
insert into tmp_photo(xh,zp)values(192,'System.Byte[]')
insert into tmp_photo(xh,zp)values(193,'System.Byte[]')
insert into tmp_photo(xh,zp)values(194,'System.Byte[]')
insert into tmp_photo(xh,zp)values(195,'System.Byte[]')
insert into tmp_photo(xh,zp)values(196,'System.Byte[]')
insert into tmp_photo(xh,zp)values(197,'System.Byte[]')
insert into tmp_photo(xh,zp)values(198,'System.Byte[]')
insert into tmp_photo(xh,zp)values(199,'System.Byte[]')
insert into tmp_photo(xh,zp)values(200,'System.Byte[]')
insert into tmp_photo(xh,zp)values(201,'System.Byte[]')
insert into tmp_photo(xh,zp)values(202,'System.Byte[]')
insert into tmp_photo(xh,zp)values(203,'System.Byte[]')
insert into tmp_photo(xh,zp)values(204,'System.Byte[]')
insert into tmp_photo(xh,zp)values(205,'System.Byte[]')
insert into tmp_photo(xh,zp)values(206,'System.Byte[]')
insert into tmp_photo(xh,zp)values(207,'System.Byte[]')
insert into tmp_photo(xh,zp)values(208,'System.Byte[]')
insert into tmp_photo(xh,zp)values(209,'System.Byte[]')
insert into tmp_photo(xh,zp)values(210,'System.Byte[]')
insert into tmp_photo(xh,zp)values(211,'System.Byte[]')
insert into tmp_photo(xh,zp)values(212,'System.Byte[]')
insert into tmp_photo(xh,zp)values(213,'System.Byte[]')
insert into tmp_photo(xh,zp)values(214,'System.Byte[]')
insert into tmp_photo(xh,zp)values(215,'System.Byte[]')
insert into tmp_photo(xh,zp)values(216,'System.Byte[]')
insert into tmp_photo(xh,zp)values(217,'System.Byte[]')
insert into tmp_photo(xh,zp)values(218,'System.Byte[]')
insert into tmp_photo(xh,zp)values(219,'System.Byte[]')
insert into tmp_photo(xh,zp)values(220,'System.Byte[]')
insert into tmp_photo(xh,zp)values(221,'System.Byte[]')
insert into tmp_photo(xh,zp)values(222,'System.Byte[]')
insert into tmp_photo(xh,zp)values(223,'System.Byte[]')
insert into tmp_photo(xh,zp)values(224,'System.Byte[]')
insert into tmp_photo(xh,zp)values(225,'System.Byte[]')
insert into tmp_photo(xh,zp)values(226,'System.Byte[]')
insert into tmp_photo(xh,zp)values(227,'System.Byte[]')
insert into tmp_photo(xh,zp)values(228,'System.Byte[]')
insert into tmp_photo(xh,zp)values(229,'System.Byte[]')
insert into tmp_photo(xh,zp)values(230,'System.Byte[]')
insert into tmp_photo(xh,zp)values(231,'System.Byte[]')
insert into tmp_photo(xh,zp)values(232,'System.Byte[]')
insert into tmp_photo(xh,zp)values(233,'System.Byte[]')
insert into tmp_photo(xh,zp)values(234,'System.Byte[]')
insert into tmp_photo(xh,zp)values(235,'System.Byte[]')
insert into tmp_photo(xh,zp)values(236,'System.Byte[]')
insert into tmp_photo(xh,zp)values(237,'System.Byte[]')
insert into tmp_photo(xh,zp)values(238,'System.Byte[]')
insert into tmp_photo(xh,zp)values(239,'System.Byte[]')
insert into tmp_photo(xh,zp)values(240,'System.Byte[]')
insert into tmp_photo(xh,zp)values(241,'System.Byte[]')
insert into tmp_photo(xh,zp)values(242,'System.Byte[]')
insert into tmp_photo(xh,zp)values(243,'System.Byte[]')
insert into tmp_photo(xh,zp)values(244,'System.Byte[]')
insert into tmp_photo(xh,zp)values(245,'System.Byte[]')
insert into tmp_photo(xh,zp)values(246,'System.Byte[]')
insert into tmp_photo(xh,zp)values(247,'System.Byte[]')
insert into tmp_photo(xh,zp)values(248,'System.Byte[]')
insert into tmp_photo(xh,zp)values(249,'System.Byte[]')
insert into tmp_photo(xh,zp)values(250,'System.Byte[]')
insert into tmp_photo(xh,zp)values(251,'System.Byte[]')
insert into tmp_photo(xh,zp)values(252,'System.Byte[]')
insert into tmp_photo(xh,zp)values(253,'System.Byte[]')
insert into tmp_photo(xh,zp)values(254,'System.Byte[]')
insert into tmp_photo(xh,zp)values(255,'System.Byte[]')
insert into tmp_photo(xh,zp)values(256,'System.Byte[]')
insert into tmp_photo(xh,zp)values(257,'System.Byte[]')
insert into tmp_photo(xh,zp)values(258,'System.Byte[]')
insert into tmp_photo(xh,zp)values(259,'System.Byte[]')
insert into tmp_photo(xh,zp)values(260,'System.Byte[]')
insert into tmp_photo(xh,zp)values(261,'System.Byte[]')
insert into tmp_photo(xh,zp)values(262,'System.Byte[]')
insert into tmp_photo(xh,zp)values(263,'System.Byte[]')
insert into tmp_photo(xh,zp)values(264,'System.Byte[]')
insert into tmp_photo(xh,zp)values(265,'System.Byte[]')
insert into tmp_photo(xh,zp)values(266,'System.Byte[]')
insert into tmp_photo(xh,zp)values(267,'System.Byte[]')
insert into tmp_photo(xh,zp)values(268,'System.Byte[]')
insert into tmp_photo(xh,zp)values(269,'System.Byte[]')
insert into tmp_photo(xh,zp)values(270,'System.Byte[]')
insert into tmp_photo(xh,zp)values(271,'System.Byte[]')
insert into tmp_photo(xh,zp)values(272,'System.Byte[]')
insert into tmp_photo(xh,zp)values(273,'System.Byte[]')
insert into tmp_photo(xh,zp)values(274,'System.Byte[]')
insert into tmp_photo(xh,zp)values(275,'System.Byte[]')
insert into tmp_photo(xh,zp)values(276,'System.Byte[]')
insert into tmp_photo(xh,zp)values(277,'System.Byte[]')
insert into tmp_photo(xh,zp)values(278,'System.Byte[]')
insert into tmp_photo(xh,zp)values(279,'System.Byte[]')
insert into tmp_photo(xh,zp)values(280,'System.Byte[]')
insert into tmp_photo(xh,zp)values(281,'System.Byte[]')
insert into tmp_photo(xh,zp)values(282,'System.Byte[]')
insert into tmp_photo(xh,zp)values(283,'System.Byte[]')
insert into tmp_photo(xh,zp)values(284,'System.Byte[]')
insert into tmp_photo(xh,zp)values(285,'System.Byte[]')
insert into tmp_photo(xh,zp)values(286,'System.Byte[]')
insert into tmp_photo(xh,zp)values(287,'System.Byte[]')
insert into tmp_photo(xh,zp)values(288,'System.Byte[]')
insert into tmp_photo(xh,zp)values(289,'System.Byte[]')
insert into tmp_photo(xh,zp)values(290,'System.Byte[]')
insert into tmp_photo(xh,zp)values(291,'System.Byte[]')
insert into tmp_photo(xh,zp)values(292,'System.Byte[]')
insert into tmp_photo(xh,zp)values(293,'System.Byte[]')
insert into tmp_photo(xh,zp)values(294,'System.Byte[]')
insert into tmp_photo(xh,zp)values(295,'System.Byte[]')
insert into tmp_photo(xh,zp)values(296,'System.Byte[]')
insert into tmp_photo(xh,zp)values(297,'System.Byte[]')
insert into tmp_photo(xh,zp)values(298,'System.Byte[]')
insert into tmp_photo(xh,zp)values(299,'System.Byte[]')
insert into tmp_photo(xh,zp)values(300,'System.Byte[]')
insert into tmp_photo(xh,zp)values(301,'System.Byte[]')
insert into tmp_photo(xh,zp)values(302,'System.Byte[]')
insert into tmp_photo(xh,zp)values(303,'System.Byte[]')
insert into tmp_photo(xh,zp)values(304,'System.Byte[]')
insert into tmp_photo(xh,zp)values(305,'System.Byte[]')
insert into tmp_photo(xh,zp)values(306,'System.Byte[]')
insert into tmp_photo(xh,zp)values(307,'System.Byte[]')
insert into tmp_photo(xh,zp)values(308,'System.Byte[]')
insert into tmp_photo(xh,zp)values(309,'System.Byte[]')
insert into tmp_photo(xh,zp)values(310,'System.Byte[]')
insert into tmp_photo(xh,zp)values(311,'System.Byte[]')
insert into tmp_photo(xh,zp)values(312,'System.Byte[]')
insert into tmp_photo(xh,zp)values(313,'System.Byte[]')
insert into tmp_photo(xh,zp)values(314,'System.Byte[]')
insert into tmp_photo(xh,zp)values(315,'System.Byte[]')
insert into tmp_photo(xh,zp)values(316,'System.Byte[]')
insert into tmp_photo(xh,zp)values(317,'System.Byte[]')
insert into tmp_photo(xh,zp)values(318,'System.Byte[]')
insert into tmp_photo(xh,zp)values(319,'System.Byte[]')
insert into tmp_photo(xh,zp)values(320,'System.Byte[]')
insert into tmp_photo(xh,zp)values(321,'System.Byte[]')
insert into tmp_photo(xh,zp)values(322,'System.Byte[]')
insert into tmp_photo(xh,zp)values(323,'System.Byte[]')
insert into tmp_photo(xh,zp)values(324,'System.Byte[]')
insert into tmp_photo(xh,zp)values(325,'System.Byte[]')
insert into tmp_photo(xh,zp)values(326,'System.Byte[]')
insert into tmp_photo(xh,zp)values(327,'System.Byte[]')
insert into tmp_photo(xh,zp)values(328,'System.Byte[]')
insert into tmp_photo(xh,zp)values(329,'System.Byte[]')
insert into tmp_photo(xh,zp)values(330,'System.Byte[]')
insert into tmp_photo(xh,zp)values(331,'System.Byte[]')
insert into tmp_photo(xh,zp)values(332,'System.Byte[]')
insert into tmp_photo(xh,zp)values(333,'System.Byte[]')
insert into tmp_photo(xh,zp)values(334,'System.Byte[]')
insert into tmp_photo(xh,zp)values(335,'System.Byte[]')
insert into tmp_photo(xh,zp)values(336,'System.Byte[]')
insert into tmp_photo(xh,zp)values(337,'System.Byte[]')
insert into tmp_photo(xh,zp)values(338,'System.Byte[]')
insert into tmp_photo(xh,zp)values(339,'System.Byte[]')
insert into tmp_photo(xh,zp)values(341,'System.Byte[]')
insert into tmp_photo(xh,zp)values(342,'System.Byte[]')
insert into tmp_photo(xh,zp)values(343,'System.Byte[]')
insert into tmp_photo(xh,zp)values(344,'System.Byte[]')
insert into tmp_photo(xh,zp)values(345,'System.Byte[]')
insert into tmp_photo(xh,zp)values(346,'System.Byte[]')
insert into tmp_photo(xh,zp)values(347,'System.Byte[]')
insert into tmp_photo(xh,zp)values(348,'System.Byte[]')
insert into tmp_photo(xh,zp)values(349,'System.Byte[]')
insert into tmp_photo(xh,zp)values(350,'System.Byte[]')
insert into tmp_photo(xh,zp)values(351,'System.Byte[]')
insert into tmp_photo(xh,zp)values(352,'System.Byte[]')
insert into tmp_photo(xh,zp)values(353,'System.Byte[]')
insert into tmp_photo(xh,zp)values(354,'System.Byte[]')
insert into tmp_photo(xh,zp)values(355,'System.Byte[]')
insert into tmp_photo(xh,zp)values(356,'System.Byte[]')
insert into tmp_photo(xh,zp)values(357,'System.Byte[]')
insert into tmp_photo(xh,zp)values(358,'System.Byte[]')
insert into tmp_photo(xh,zp)values(359,'System.Byte[]')
insert into tmp_photo(xh,zp)values(360,'System.Byte[]')
insert into tmp_photo(xh,zp)values(361,'System.Byte[]')
insert into tmp_photo(xh,zp)values(362,'System.Byte[]')
insert into tmp_photo(xh,zp)values(363,'System.Byte[]')
insert into tmp_photo(xh,zp)values(364,'System.Byte[]')
insert into tmp_photo(xh,zp)values(365,'System.Byte[]')
insert into tmp_photo(xh,zp)values(366,'System.Byte[]')
insert into tmp_photo(xh,zp)values(367,'System.Byte[]')
insert into tmp_photo(xh,zp)values(368,'System.Byte[]')
insert into tmp_photo(xh,zp)values(369,'System.Byte[]')
insert into tmp_photo(xh,zp)values(370,'System.Byte[]')
insert into tmp_photo(xh,zp)values(371,'System.Byte[]')
insert into tmp_photo(xh,zp)values(372,'System.Byte[]')
insert into tmp_photo(xh,zp)values(373,'System.Byte[]')
insert into tmp_photo(xh,zp)values(374,'System.Byte[]')
insert into tmp_photo(xh,zp)values(375,'System.Byte[]')
insert into tmp_photo(xh,zp)values(376,'System.Byte[]')
insert into tmp_photo(xh,zp)values(377,'System.Byte[]')
insert into tmp_photo(xh,zp)values(378,'System.Byte[]')
insert into tmp_photo(xh,zp)values(379,'System.Byte[]')
insert into tmp_photo(xh,zp)values(380,'System.Byte[]')
insert into tmp_photo(xh,zp)values(381,'System.Byte[]')
insert into tmp_photo(xh,zp)values(382,'System.Byte[]')
insert into tmp_photo(xh,zp)values(383,'System.Byte[]')
insert into tmp_photo(xh,zp)values(384,'System.Byte[]')
insert into tmp_photo(xh,zp)values(385,'System.Byte[]')
insert into tmp_photo(xh,zp)values(386,'System.Byte[]')
insert into tmp_photo(xh,zp)values(387,'System.Byte[]')
insert into tmp_photo(xh,zp)values(388,'System.Byte[]')
insert into tmp_photo(xh,zp)values(389,'System.Byte[]')
insert into tmp_photo(xh,zp)values(390,'System.Byte[]')
insert into tmp_photo(xh,zp)values(391,'System.Byte[]')
insert into tmp_photo(xh,zp)values(392,'System.Byte[]')
insert into tmp_photo(xh,zp)values(393,'System.Byte[]')
insert into tmp_photo(xh,zp)values(394,'System.Byte[]')
insert into tmp_photo(xh,zp)values(395,'System.Byte[]')
insert into tmp_photo(xh,zp)values(396,'System.Byte[]')
insert into tmp_photo(xh,zp)values(397,'System.Byte[]')
insert into tmp_photo(xh,zp)values(398,'System.Byte[]')
insert into tmp_photo(xh,zp)values(399,'System.Byte[]')
insert into tmp_photo(xh,zp)values(400,'System.Byte[]')
insert into tmp_photo(xh,zp)values(401,'System.Byte[]')
insert into tmp_photo(xh,zp)values(402,'System.Byte[]')
insert into tmp_photo(xh,zp)values(403,'System.Byte[]')
insert into tmp_photo(xh,zp)values(404,'System.Byte[]')
insert into tmp_photo(xh,zp)values(405,'System.Byte[]')
insert into tmp_photo(xh,zp)values(406,'System.Byte[]')
insert into tmp_photo(xh,zp)values(407,'System.Byte[]')
insert into tmp_photo(xh,zp)values(408,'System.Byte[]')
insert into tmp_photo(xh,zp)values(409,'System.Byte[]')
insert into tmp_photo(xh,zp)values(410,'System.Byte[]')
insert into tmp_photo(xh,zp)values(411,'System.Byte[]')
insert into tmp_photo(xh,zp)values(412,'System.Byte[]')
insert into tmp_photo(xh,zp)values(413,'System.Byte[]')
insert into tmp_photo(xh,zp)values(414,'System.Byte[]')
insert into tmp_photo(xh,zp)values(415,'System.Byte[]')
insert into tmp_photo(xh,zp)values(416,'System.Byte[]')
insert into tmp_photo(xh,zp)values(417,'System.Byte[]')
insert into tmp_photo(xh,zp)values(418,'System.Byte[]')
insert into tmp_photo(xh,zp)values(419,'System.Byte[]')
insert into tmp_photo(xh,zp)values(420,'System.Byte[]')
insert into tmp_photo(xh,zp)values(421,'System.Byte[]')
insert into tmp_photo(xh,zp)values(422,'System.Byte[]')
insert into tmp_photo(xh,zp)values(423,'System.Byte[]')
insert into tmp_photo(xh,zp)values(424,'System.Byte[]')
insert into tmp_photo(xh,zp)values(425,'System.Byte[]')
insert into tmp_photo(xh,zp)values(426,'System.Byte[]')
insert into tmp_photo(xh,zp)values(427,'System.Byte[]')
insert into tmp_photo(xh,zp)values(428,'System.Byte[]')
insert into tmp_photo(xh,zp)values(429,'System.Byte[]')
insert into tmp_photo(xh,zp)values(430,'System.Byte[]')
insert into tmp_photo(xh,zp)values(431,'System.Byte[]')
insert into tmp_photo(xh,zp)values(432,'System.Byte[]')
insert into tmp_photo(xh,zp)values(433,'System.Byte[]')
insert into tmp_photo(xh,zp)values(434,'System.Byte[]')
insert into tmp_photo(xh,zp)values(435,'System.Byte[]')
insert into tmp_photo(xh,zp)values(436,'System.Byte[]')
insert into tmp_photo(xh,zp)values(437,'System.Byte[]')
insert into tmp_photo(xh,zp)values(438,'System.Byte[]')
insert into tmp_photo(xh,zp)values(439,'System.Byte[]')
insert into tmp_photo(xh,zp)values(440,'System.Byte[]')
insert into tmp_photo(xh,zp)values(441,'System.Byte[]')
insert into tmp_photo(xh,zp)values(442,'System.Byte[]')
insert into tmp_photo(xh,zp)values(443,'System.Byte[]')
insert into tmp_photo(xh,zp)values(444,'System.Byte[]')
insert into tmp_photo(xh,zp)values(445,'System.Byte[]')
insert into tmp_photo(xh,zp)values(446,'System.Byte[]')
insert into tmp_photo(xh,zp)values(447,'System.Byte[]')
insert into tmp_photo(xh,zp)values(448,'System.Byte[]')
insert into tmp_photo(xh,zp)values(449,'System.Byte[]')
insert into tmp_photo(xh,zp)values(450,'System.Byte[]')
insert into tmp_photo(xh,zp)values(451,'System.Byte[]')
insert into tmp_photo(xh,zp)values(452,'System.Byte[]')
insert into tmp_photo(xh,zp)values(453,'System.Byte[]')
insert into tmp_photo(xh,zp)values(454,'System.Byte[]')
insert into tmp_photo(xh,zp)values(455,'System.Byte[]')
insert into tmp_photo(xh,zp)values(456,'System.Byte[]')
insert into tmp_photo(xh,zp)values(457,'System.Byte[]')
insert into tmp_photo(xh,zp)values(458,'System.Byte[]')
insert into tmp_photo(xh,zp)values(459,'System.Byte[]')
insert into tmp_photo(xh,zp)values(460,'System.Byte[]')
insert into tmp_photo(xh,zp)values(461,'System.Byte[]')
insert into tmp_photo(xh,zp)values(462,'System.Byte[]')
insert into tmp_photo(xh,zp)values(463,'System.Byte[]')
insert into tmp_photo(xh,zp)values(464,'System.Byte[]')
insert into tmp_photo(xh,zp)values(465,'System.Byte[]')
insert into tmp_photo(xh,zp)values(466,'System.Byte[]')
insert into tmp_photo(xh,zp)values(467,'System.Byte[]')
insert into tmp_photo(xh,zp)values(468,'System.Byte[]')
insert into tmp_photo(xh,zp)values(469,'System.Byte[]')
insert into tmp_photo(xh,zp)values(470,'System.Byte[]')
insert into tmp_photo(xh,zp)values(471,'System.Byte[]')
insert into tmp_photo(xh,zp)values(472,'System.Byte[]')
insert into tmp_photo(xh,zp)values(473,'System.Byte[]')
insert into tmp_photo(xh,zp)values(474,'System.Byte[]')
insert into tmp_photo(xh,zp)values(475,'System.Byte[]')
insert into tmp_photo(xh,zp)values(476,'System.Byte[]')
insert into tmp_photo(xh,zp)values(477,'System.Byte[]')
insert into tmp_photo(xh,zp)values(478,'System.Byte[]')
insert into tmp_photo(xh,zp)values(479,'System.Byte[]')
insert into tmp_photo(xh,zp)values(480,'System.Byte[]')
insert into tmp_photo(xh,zp)values(481,'System.Byte[]')
insert into tmp_photo(xh,zp)values(482,'System.Byte[]')
insert into tmp_photo(xh,zp)values(483,'System.Byte[]')
insert into tmp_photo(xh,zp)values(484,'System.Byte[]')
insert into tmp_photo(xh,zp)values(485,'System.Byte[]')
insert into tmp_photo(xh,zp)values(486,'System.Byte[]')
insert into tmp_photo(xh,zp)values(487,'System.Byte[]')
insert into tmp_photo(xh,zp)values(488,'System.Byte[]')
insert into tmp_photo(xh,zp)values(489,'System.Byte[]')
insert into tmp_photo(xh,zp)values(490,'System.Byte[]')
insert into tmp_photo(xh,zp)values(491,'System.Byte[]')
insert into tmp_photo(xh,zp)values(492,'System.Byte[]')
insert into tmp_photo(xh,zp)values(493,'System.Byte[]')
insert into tmp_photo(xh,zp)values(494,'System.Byte[]')
insert into tmp_photo(xh,zp)values(495,'System.Byte[]')
insert into tmp_photo(xh,zp)values(496,'System.Byte[]')
insert into tmp_photo(xh,zp)values(497,'System.Byte[]')
insert into tmp_photo(xh,zp)values(498,'System.Byte[]')
insert into tmp_photo(xh,zp)values(499,'System.Byte[]')
insert into tmp_photo(xh,zp)values(500,'System.Byte[]')
insert into tmp_photo(xh,zp)values(501,'System.Byte[]')
insert into tmp_photo(xh,zp)values(502,'System.Byte[]')
insert into tmp_photo(xh,zp)values(503,'System.Byte[]')
insert into tmp_photo(xh,zp)values(504,'System.Byte[]')
insert into tmp_photo(xh,zp)values(505,'System.Byte[]')
insert into tmp_photo(xh,zp)values(506,'System.Byte[]')
insert into tmp_photo(xh,zp)values(507,'System.Byte[]')
insert into tmp_photo(xh,zp)values(508,'System.Byte[]')
insert into tmp_photo(xh,zp)values(509,'System.Byte[]')
insert into tmp_photo(xh,zp)values(510,'System.Byte[]')
insert into tmp_photo(xh,zp)values(511,'System.Byte[]')
insert into tmp_photo(xh,zp)values(512,'System.Byte[]')
insert into tmp_photo(xh,zp)values(513,'System.Byte[]')
insert into tmp_photo(xh,zp)values(514,'System.Byte[]')
insert into tmp_photo(xh,zp)values(515,'System.Byte[]')
insert into tmp_photo(xh,zp)values(516,'System.Byte[]')
insert into tmp_photo(xh,zp)values(517,'System.Byte[]')
insert into tmp_photo(xh,zp)values(518,'System.Byte[]')
insert into tmp_photo(xh,zp)values(519,'System.Byte[]')
insert into tmp_photo(xh,zp)values(520,'System.Byte[]')
insert into tmp_photo(xh,zp)values(521,'System.Byte[]')
insert into tmp_photo(xh,zp)values(522,'System.Byte[]')
insert into tmp_photo(xh,zp)values(523,'System.Byte[]')
insert into tmp_photo(xh,zp)values(524,'System.Byte[]')
insert into tmp_photo(xh,zp)values(525,'System.Byte[]')
insert into tmp_photo(xh,zp)values(526,'System.Byte[]')
insert into tmp_photo(xh,zp)values(527,'System.Byte[]')
insert into tmp_photo(xh,zp)values(528,'System.Byte[]')
insert into tmp_photo(xh,zp)values(529,'System.Byte[]')
insert into tmp_photo(xh,zp)values(530,'System.Byte[]')
insert into tmp_photo(xh,zp)values(531,'System.Byte[]')
insert into tmp_photo(xh,zp)values(532,'System.Byte[]')
insert into tmp_photo(xh,zp)values(533,'System.Byte[]')
insert into tmp_photo(xh,zp)values(534,'System.Byte[]')
insert into tmp_photo(xh,zp)values(535,'System.Byte[]')
insert into tmp_photo(xh,zp)values(536,'System.Byte[]')
insert into tmp_photo(xh,zp)values(537,'System.Byte[]')
insert into tmp_photo(xh,zp)values(538,'System.Byte[]')
insert into tmp_photo(xh,zp)values(539,'System.Byte[]')
insert into tmp_photo(xh,zp)values(540,'System.Byte[]')
insert into tmp_photo(xh,zp)values(541,'System.Byte[]')
insert into tmp_photo(xh,zp)values(542,'System.Byte[]')
insert into tmp_photo(xh,zp)values(543,'System.Byte[]')
insert into tmp_photo(xh,zp)values(544,'System.Byte[]')
insert into tmp_photo(xh,zp)values(545,'System.Byte[]')
insert into tmp_photo(xh,zp)values(546,'System.Byte[]')
insert into tmp_photo(xh,zp)values(547,'System.Byte[]')
insert into tmp_photo(xh,zp)values(548,'System.Byte[]')
insert into tmp_photo(xh,zp)values(549,'System.Byte[]')
insert into tmp_photo(xh,zp)values(550,'System.Byte[]')
insert into tmp_photo(xh,zp)values(551,'System.Byte[]')
insert into tmp_photo(xh,zp)values(552,'System.Byte[]')
insert into tmp_photo(xh,zp)values(553,'System.Byte[]')
insert into tmp_photo(xh,zp)values(554,'System.Byte[]')
insert into tmp_photo(xh,zp)values(555,'System.Byte[]')
insert into tmp_photo(xh,zp)values(556,'System.Byte[]')
insert into tmp_photo(xh,zp)values(557,'System.Byte[]')
insert into tmp_photo(xh,zp)values(558,'System.Byte[]')
insert into tmp_photo(xh,zp)values(559,'System.Byte[]')
insert into tmp_photo(xh,zp)values(560,'System.Byte[]')
insert into tmp_photo(xh,zp)values(561,'System.Byte[]')
insert into tmp_photo(xh,zp)values(562,'System.Byte[]')
insert into tmp_photo(xh,zp)values(563,'System.Byte[]')
insert into tmp_photo(xh,zp)values(564,'System.Byte[]')
insert into tmp_photo(xh,zp)values(565,'System.Byte[]')
insert into tmp_photo(xh,zp)values(566,'System.Byte[]')
insert into tmp_photo(xh,zp)values(567,'System.Byte[]')
insert into tmp_photo(xh,zp)values(568,'System.Byte[]')
insert into tmp_photo(xh,zp)values(569,'System.Byte[]')
insert into tmp_photo(xh,zp)values(570,'System.Byte[]')
insert into tmp_photo(xh,zp)values(571,'System.Byte[]')
insert into tmp_photo(xh,zp)values(572,'System.Byte[]')
insert into tmp_photo(xh,zp)values(573,'System.Byte[]')
insert into tmp_photo(xh,zp)values(574,'System.Byte[]')
insert into tmp_photo(xh,zp)values(575,'System.Byte[]')
insert into tmp_photo(xh,zp)values(576,'System.Byte[]')
insert into tmp_photo(xh,zp)values(577,'System.Byte[]')
insert into tmp_photo(xh,zp)values(578,'System.Byte[]')
insert into tmp_photo(xh,zp)values(579,'System.Byte[]')
insert into tmp_photo(xh,zp)values(580,'System.Byte[]')
insert into tmp_photo(xh,zp)values(581,'System.Byte[]')
insert into tmp_photo(xh,zp)values(582,'System.Byte[]')
insert into tmp_photo(xh,zp)values(583,'System.Byte[]')
insert into tmp_photo(xh,zp)values(584,'System.Byte[]')
insert into tmp_photo(xh,zp)values(585,'System.Byte[]')
insert into tmp_photo(xh,zp)values(586,'System.Byte[]')
insert into tmp_photo(xh,zp)values(587,'System.Byte[]')
insert into tmp_photo(xh,zp)values(588,'System.Byte[]')
insert into tmp_photo(xh,zp)values(589,'System.Byte[]')
insert into tmp_photo(xh,zp)values(590,'System.Byte[]')
insert into tmp_photo(xh,zp)values(591,'System.Byte[]')
insert into tmp_photo(xh,zp)values(592,'System.Byte[]')
insert into tmp_photo(xh,zp)values(593,'System.Byte[]')
insert into tmp_photo(xh,zp)values(594,'System.Byte[]')
insert into tmp_photo(xh,zp)values(595,'System.Byte[]')
insert into tmp_photo(xh,zp)values(596,'System.Byte[]')
insert into tmp_photo(xh,zp)values(597,'System.Byte[]')
insert into tmp_photo(xh,zp)values(598,'System.Byte[]')
insert into tmp_photo(xh,zp)values(599,'System.Byte[]')
insert into tmp_photo(xh,zp)values(600,'System.Byte[]')
insert into tmp_photo(xh,zp)values(601,'System.Byte[]')
insert into tmp_photo(xh,zp)values(602,'System.Byte[]')
insert into tmp_photo(xh,zp)values(603,'System.Byte[]')
insert into tmp_photo(xh,zp)values(604,'System.Byte[]')
insert into tmp_photo(xh,zp)values(605,'System.Byte[]')
insert into tmp_photo(xh,zp)values(606,'System.Byte[]')
insert into tmp_photo(xh,zp)values(607,'System.Byte[]')
insert into tmp_photo(xh,zp)values(608,'System.Byte[]')
insert into tmp_photo(xh,zp)values(609,'System.Byte[]')
insert into tmp_photo(xh,zp)values(610,'System.Byte[]')
insert into tmp_photo(xh,zp)values(611,'System.Byte[]')
insert into tmp_photo(xh,zp)values(612,'System.Byte[]')
insert into tmp_photo(xh,zp)values(613,'System.Byte[]')
insert into tmp_photo(xh,zp)values(614,'System.Byte[]')
insert into tmp_photo(xh,zp)values(615,'System.Byte[]')
insert into tmp_photo(xh,zp)values(616,'System.Byte[]')
insert into tmp_photo(xh,zp)values(617,'System.Byte[]')
insert into tmp_photo(xh,zp)values(618,'System.Byte[]')
insert into tmp_photo(xh,zp)values(619,'System.Byte[]')
insert into tmp_photo(xh,zp)values(620,'System.Byte[]')
insert into tmp_photo(xh,zp)values(621,'System.Byte[]')
insert into tmp_photo(xh,zp)values(622,'System.Byte[]')
insert into tmp_photo(xh,zp)values(623,'System.Byte[]')
insert into tmp_photo(xh,zp)values(624,'System.Byte[]')
insert into tmp_photo(xh,zp)values(625,'System.Byte[]')
insert into tmp_photo(xh,zp)values(626,'System.Byte[]')
insert into tmp_photo(xh,zp)values(628,'System.Byte[]')
insert into tmp_photo(xh,zp)values(629,'System.Byte[]')
insert into tmp_photo(xh,zp)values(630,'System.Byte[]')
insert into tmp_photo(xh,zp)values(631,'System.Byte[]')
insert into tmp_photo(xh,zp)values(632,'System.Byte[]')
insert into tmp_photo(xh,zp)values(633,'System.Byte[]')
insert into tmp_photo(xh,zp)values(634,'System.Byte[]')
insert into tmp_photo(xh,zp)values(635,'System.Byte[]')
insert into tmp_photo(xh,zp)values(636,'System.Byte[]')
insert into tmp_photo(xh,zp)values(637,'System.Byte[]')
insert into tmp_photo(xh,zp)values(638,'System.Byte[]')
insert into tmp_photo(xh,zp)values(639,'System.Byte[]')
insert into tmp_photo(xh,zp)values(640,'System.Byte[]')
insert into tmp_photo(xh,zp)values(641,'System.Byte[]')
insert into tmp_photo(xh,zp)values(642,'System.Byte[]')
insert into tmp_photo(xh,zp)values(643,'System.Byte[]')
insert into tmp_photo(xh,zp)values(644,'System.Byte[]')
insert into tmp_photo(xh,zp)values(645,'System.Byte[]')
insert into tmp_photo(xh,zp)values(646,'System.Byte[]')
insert into tmp_photo(xh,zp)values(647,'System.Byte[]')
insert into tmp_photo(xh,zp)values(648,'System.Byte[]')
insert into tmp_photo(xh,zp)values(649,'System.Byte[]')
insert into tmp_photo(xh,zp)values(650,'System.Byte[]')
insert into tmp_photo(xh,zp)values(651,'System.Byte[]')
insert into tmp_photo(xh,zp)values(652,'System.Byte[]')
insert into tmp_photo(xh,zp)values(653,'System.Byte[]')
insert into tmp_photo(xh,zp)values(654,'System.Byte[]')
insert into tmp_photo(xh,zp)values(655,'System.Byte[]')
insert into tmp_photo(xh,zp)values(656,'System.Byte[]')
insert into tmp_photo(xh,zp)values(657,'System.Byte[]')
insert into tmp_photo(xh,zp)values(658,'System.Byte[]')
insert into tmp_photo(xh,zp)values(659,'System.Byte[]')
insert into tmp_photo(xh,zp)values(660,'System.Byte[]')
insert into tmp_photo(xh,zp)values(661,'System.Byte[]')
insert into tmp_photo(xh,zp)values(662,'System.Byte[]')
insert into tmp_photo(xh,zp)values(663,'System.Byte[]')
insert into tmp_photo(xh,zp)values(664,'System.Byte[]')
insert into tmp_photo(xh,zp)values(665,'System.Byte[]')
insert into tmp_photo(xh,zp)values(666,'System.Byte[]')
insert into tmp_photo(xh,zp)values(667,'System.Byte[]')
insert into tmp_photo(xh,zp)values(668,'System.Byte[]')
insert into tmp_photo(xh,zp)values(669,'System.Byte[]')
insert into tmp_photo(xh,zp)values(670,'System.Byte[]')
insert into tmp_photo(xh,zp)values(671,'System.Byte[]')
insert into tmp_photo(xh,zp)values(672,'System.Byte[]')
insert into tmp_photo(xh,zp)values(673,'System.Byte[]')
insert into tmp_photo(xh,zp)values(674,'System.Byte[]')
insert into tmp_photo(xh,zp)values(675,'System.Byte[]')
insert into tmp_photo(xh,zp)values(676,'System.Byte[]')
insert into tmp_photo(xh,zp)values(677,'System.Byte[]')
insert into tmp_photo(xh,zp)values(678,'System.Byte[]')
insert into tmp_photo(xh,zp)values(679,'System.Byte[]')
insert into tmp_photo(xh,zp)values(680,'System.Byte[]')
insert into tmp_photo(xh,zp)values(681,'System.Byte[]')
insert into tmp_photo(xh,zp)values(682,'System.Byte[]')
insert into tmp_photo(xh,zp)values(683,'System.Byte[]')
insert into tmp_photo(xh,zp)values(684,'System.Byte[]')
insert into tmp_photo(xh,zp)values(685,'System.Byte[]')
insert into tmp_photo(xh,zp)values(686,'System.Byte[]')
insert into tmp_photo(xh,zp)values(687,'System.Byte[]')
insert into tmp_photo(xh,zp)values(688,'System.Byte[]')
insert into tmp_photo(xh,zp)values(689,'System.Byte[]')
insert into tmp_photo(xh,zp)values(690,'System.Byte[]')
insert into tmp_photo(xh,zp)values(691,'System.Byte[]')
insert into tmp_photo(xh,zp)values(692,'System.Byte[]')
insert into tmp_photo(xh,zp)values(693,'System.Byte[]')
insert into tmp_photo(xh,zp)values(694,'System.Byte[]')
insert into tmp_photo(xh,zp)values(695,'System.Byte[]')
insert into tmp_photo(xh,zp)values(696,'System.Byte[]')
insert into tmp_photo(xh,zp)values(697,'System.Byte[]')
insert into tmp_photo(xh,zp)values(698,'System.Byte[]')
insert into tmp_photo(xh,zp)values(699,'System.Byte[]')
insert into tmp_photo(xh,zp)values(700,'System.Byte[]')
insert into tmp_photo(xh,zp)values(701,'System.Byte[]')
insert into tmp_photo(xh,zp)values(702,'System.Byte[]')
insert into tmp_photo(xh,zp)values(703,'System.Byte[]')
insert into tmp_photo(xh,zp)values(704,'System.Byte[]')
insert into tmp_photo(xh,zp)values(705,'System.Byte[]')
insert into tmp_photo(xh,zp)values(706,'System.Byte[]')
insert into tmp_photo(xh,zp)values(707,'System.Byte[]')
insert into tmp_photo(xh,zp)values(708,'System.Byte[]')
insert into tmp_photo(xh,zp)values(709,'System.Byte[]')
insert into tmp_photo(xh,zp)values(710,'System.Byte[]')
insert into tmp_photo(xh,zp)values(711,'System.Byte[]')
insert into tmp_photo(xh,zp)values(712,'System.Byte[]')
insert into tmp_photo(xh,zp)values(713,'System.Byte[]')
insert into tmp_photo(xh,zp)values(714,'System.Byte[]')
insert into tmp_photo(xh,zp)values(715,'System.Byte[]')
insert into tmp_photo(xh,zp)values(716,'System.Byte[]')
insert into tmp_photo(xh,zp)values(717,'System.Byte[]')
insert into tmp_photo(xh,zp)values(718,'System.Byte[]')
insert into tmp_photo(xh,zp)values(719,'System.Byte[]')
insert into tmp_photo(xh,zp)values(720,'System.Byte[]')
insert into tmp_photo(xh,zp)values(721,'System.Byte[]')
insert into tmp_photo(xh,zp)values(722,'System.Byte[]')
insert into tmp_photo(xh,zp)values(723,'System.Byte[]')
insert into tmp_photo(xh,zp)values(724,'System.Byte[]')
insert into tmp_photo(xh,zp)values(725,'System.Byte[]')
insert into tmp_photo(xh,zp)values(726,'System.Byte[]')
insert into tmp_photo(xh,zp)values(727,'System.Byte[]')
insert into tmp_photo(xh,zp)values(728,'System.Byte[]')
insert into tmp_photo(xh,zp)values(729,'System.Byte[]')
insert into tmp_photo(xh,zp)values(730,'System.Byte[]')
insert into tmp_photo(xh,zp)values(731,'System.Byte[]')
insert into tmp_photo(xh,zp)values(732,'System.Byte[]')
insert into tmp_photo(xh,zp)values(733,'System.Byte[]')
insert into tmp_photo(xh,zp)values(734,'System.Byte[]')
insert into tmp_photo(xh,zp)values(735,'System.Byte[]')
insert into tmp_photo(xh,zp)values(736,'System.Byte[]')
insert into tmp_photo(xh,zp)values(737,'System.Byte[]')
insert into tmp_photo(xh,zp)values(738,'System.Byte[]')
insert into tmp_photo(xh,zp)values(739,'System.Byte[]')
insert into tmp_photo(xh,zp)values(740,'System.Byte[]')
insert into tmp_photo(xh,zp)values(741,'System.Byte[]')
insert into tmp_photo(xh,zp)values(742,'System.Byte[]')
insert into tmp_photo(xh,zp)values(743,'System.Byte[]')
insert into tmp_photo(xh,zp)values(744,'System.Byte[]')
insert into tmp_photo(xh,zp)values(745,'System.Byte[]')
insert into tmp_photo(xh,zp)values(746,'System.Byte[]')
insert into tmp_photo(xh,zp)values(747,'System.Byte[]')
insert into tmp_photo(xh,zp)values(748,'System.Byte[]')
insert into tmp_photo(xh,zp)values(749,'System.Byte[]')
insert into tmp_photo(xh,zp)values(750,'System.Byte[]')
insert into tmp_photo(xh,zp)values(751,'System.Byte[]')
insert into tmp_photo(xh,zp)values(752,'System.Byte[]')
insert into tmp_photo(xh,zp)values(753,'System.Byte[]')
insert into tmp_photo(xh,zp)values(754,'System.Byte[]')
insert into tmp_photo(xh,zp)values(756,'System.Byte[]')
insert into tmp_photo(xh,zp)values(757,'System.Byte[]')
insert into tmp_photo(xh,zp)values(758,'System.Byte[]')
insert into tmp_photo(xh,zp)values(759,'System.Byte[]')
insert into tmp_photo(xh,zp)values(762,'System.Byte[]')
insert into tmp_photo(xh,zp)values(763,'System.Byte[]')
insert into tmp_photo(xh,zp)values(764,'System.Byte[]')
insert into tmp_photo(xh,zp)values(765,'System.Byte[]')
insert into tmp_photo(xh,zp)values(766,'System.Byte[]')
insert into tmp_photo(xh,zp)values(767,'System.Byte[]')
insert into tmp_photo(xh,zp)values(768,'System.Byte[]')
insert into tmp_photo(xh,zp)values(769,'System.Byte[]')
insert into tmp_photo(xh,zp)values(770,'System.Byte[]')
insert into tmp_photo(xh,zp)values(771,'System.Byte[]')
insert into tmp_photo(xh,zp)values(772,'System.Byte[]')
insert into tmp_photo(xh,zp)values(773,'System.Byte[]')
insert into tmp_photo(xh,zp)values(774,'System.Byte[]')
insert into tmp_photo(xh,zp)values(775,'System.Byte[]')
insert into tmp_photo(xh,zp)values(776,'System.Byte[]')
insert into tmp_photo(xh,zp)values(777,'System.Byte[]')
insert into tmp_photo(xh,zp)values(778,'System.Byte[]')
insert into tmp_photo(xh,zp)values(779,'System.Byte[]')
insert into tmp_photo(xh,zp)values(780,'System.Byte[]')
insert into tmp_photo(xh,zp)values(781,'System.Byte[]')
insert into tmp_photo(xh,zp)values(782,'System.Byte[]')
insert into tmp_photo(xh,zp)values(783,'System.Byte[]')
insert into tmp_photo(xh,zp)values(784,'System.Byte[]')
insert into tmp_photo(xh,zp)values(785,'System.Byte[]')
insert into tmp_photo(xh,zp)values(786,'System.Byte[]')
insert into tmp_photo(xh,zp)values(787,'System.Byte[]')
insert into tmp_photo(xh,zp)values(788,'System.Byte[]')
insert into tmp_photo(xh,zp)values(789,'System.Byte[]')
insert into tmp_photo(xh,zp)values(790,'System.Byte[]')
insert into tmp_photo(xh,zp)values(791,'System.Byte[]')
insert into tmp_photo(xh,zp)values(792,'System.Byte[]')
insert into tmp_photo(xh,zp)values(793,'System.Byte[]')
insert into tmp_photo(xh,zp)values(794,'System.Byte[]')
insert into tmp_photo(xh,zp)values(795,'System.Byte[]')
insert into tmp_photo(xh,zp)values(796,'System.Byte[]')
insert into tmp_photo(xh,zp)values(797,'System.Byte[]')
insert into tmp_photo(xh,zp)values(798,'System.Byte[]')
insert into tmp_photo(xh,zp)values(799,'System.Byte[]')
insert into tmp_photo(xh,zp)values(800,'System.Byte[]')
insert into tmp_photo(xh,zp)values(801,'System.Byte[]')
insert into tmp_photo(xh,zp)values(802,'System.Byte[]')
insert into tmp_photo(xh,zp)values(803,'System.Byte[]')
insert into tmp_photo(xh,zp)values(804,'System.Byte[]')
insert into tmp_photo(xh,zp)values(805,'System.Byte[]')
insert into tmp_photo(xh,zp)values(806,'System.Byte[]')
insert into tmp_photo(xh,zp)values(807,'System.Byte[]')
insert into tmp_photo(xh,zp)values(808,'System.Byte[]')
insert into tmp_photo(xh,zp)values(809,'System.Byte[]')
insert into tmp_photo(xh,zp)values(810,'System.Byte[]')
insert into tmp_photo(xh,zp)values(811,'System.Byte[]')
insert into tmp_photo(xh,zp)values(812,'System.Byte[]')
insert into tmp_photo(xh,zp)values(813,'System.Byte[]')
insert into tmp_photo(xh,zp)values(814,'System.Byte[]')
insert into tmp_photo(xh,zp)values(815,'System.Byte[]')
insert into tmp_photo(xh,zp)values(816,'System.Byte[]')
insert into tmp_photo(xh,zp)values(817,'System.Byte[]')
insert into tmp_photo(xh,zp)values(818,'System.Byte[]')
insert into tmp_photo(xh,zp)values(819,'System.Byte[]')
insert into tmp_photo(xh,zp)values(820,'System.Byte[]')
insert into tmp_photo(xh,zp)values(821,'System.Byte[]')
insert into tmp_photo(xh,zp)values(822,'System.Byte[]')
insert into tmp_photo(xh,zp)values(823,'System.Byte[]')
insert into tmp_photo(xh,zp)values(824,'System.Byte[]')
insert into tmp_photo(xh,zp)values(825,'System.Byte[]')
insert into tmp_photo(xh,zp)values(826,'System.Byte[]')
insert into tmp_photo(xh,zp)values(827,'System.Byte[]')
insert into tmp_photo(xh,zp)values(828,'System.Byte[]')
insert into tmp_photo(xh,zp)values(829,'System.Byte[]')
insert into tmp_photo(xh,zp)values(830,'System.Byte[]')
insert into tmp_photo(xh,zp)values(831,'System.Byte[]')
insert into tmp_photo(xh,zp)values(832,'System.Byte[]')
insert into tmp_photo(xh,zp)values(833,'System.Byte[]')
insert into tmp_photo(xh,zp)values(834,'System.Byte[]')
insert into tmp_photo(xh,zp)values(835,'System.Byte[]')
insert into tmp_photo(xh,zp)values(836,'System.Byte[]')
insert into tmp_photo(xh,zp)values(837,'System.Byte[]')
insert into tmp_photo(xh,zp)values(838,'System.Byte[]')
insert into tmp_photo(xh,zp)values(839,'System.Byte[]')
insert into tmp_photo(xh,zp)values(840,'System.Byte[]')
insert into tmp_photo(xh,zp)values(841,'System.Byte[]')
insert into tmp_photo(xh,zp)values(842,'System.Byte[]')
insert into tmp_photo(xh,zp)values(843,'System.Byte[]')
insert into tmp_photo(xh,zp)values(844,'System.Byte[]')
insert into tmp_photo(xh,zp)values(845,'System.Byte[]')
insert into tmp_photo(xh,zp)values(846,'System.Byte[]')
insert into tmp_photo(xh,zp)values(847,'System.Byte[]')
insert into tmp_photo(xh,zp)values(848,'System.Byte[]')
insert into tmp_photo(xh,zp)values(849,'System.Byte[]')
insert into tmp_photo(xh,zp)values(850,'System.Byte[]')
insert into tmp_photo(xh,zp)values(851,'System.Byte[]')
insert into tmp_photo(xh,zp)values(852,'System.Byte[]')
insert into tmp_photo(xh,zp)values(853,'System.Byte[]')
insert into tmp_photo(xh,zp)values(854,'System.Byte[]')
insert into tmp_photo(xh,zp)values(855,'System.Byte[]')
insert into tmp_photo(xh,zp)values(856,'System.Byte[]')
insert into tmp_photo(xh,zp)values(857,'System.Byte[]')
insert into tmp_photo(xh,zp)values(858,'System.Byte[]')
insert into tmp_photo(xh,zp)values(859,'System.Byte[]')
insert into tmp_photo(xh,zp)values(860,'System.Byte[]')
insert into tmp_photo(xh,zp)values(861,'System.Byte[]')
insert into tmp_photo(xh,zp)values(862,'System.Byte[]')
insert into tmp_photo(xh,zp)values(863,'System.Byte[]')
insert into tmp_photo(xh,zp)values(864,'System.Byte[]')
insert into tmp_photo(xh,zp)values(865,'System.Byte[]')
insert into tmp_photo(xh,zp)values(866,'System.Byte[]')
insert into tmp_photo(xh,zp)values(867,'System.Byte[]')
insert into tmp_photo(xh,zp)values(868,'System.Byte[]')
insert into tmp_photo(xh,zp)values(869,'System.Byte[]')
insert into tmp_photo(xh,zp)values(870,'System.Byte[]')
insert into tmp_photo(xh,zp)values(871,'System.Byte[]')
insert into tmp_photo(xh,zp)values(872,'System.Byte[]')
insert into tmp_photo(xh,zp)values(873,'System.Byte[]')
insert into tmp_photo(xh,zp)values(874,'System.Byte[]')
insert into tmp_photo(xh,zp)values(875,'System.Byte[]')
insert into tmp_photo(xh,zp)values(876,'System.Byte[]')
insert into tmp_photo(xh,zp)values(877,'System.Byte[]')
insert into tmp_photo(xh,zp)values(878,'System.Byte[]')
insert into tmp_photo(xh,zp)values(879,'System.Byte[]')
insert into tmp_photo(xh,zp)values(880,'System.Byte[]')
insert into tmp_photo(xh,zp)values(881,'System.Byte[]')
insert into tmp_photo(xh,zp)values(883,'System.Byte[]')
insert into tmp_photo(xh,zp)values(884,'System.Byte[]')
insert into tmp_photo(xh,zp)values(885,'System.Byte[]')
insert into tmp_photo(xh,zp)values(886,'System.Byte[]')
insert into tmp_photo(xh,zp)values(887,'System.Byte[]')
insert into tmp_photo(xh,zp)values(888,'System.Byte[]')
insert into tmp_photo(xh,zp)values(889,'System.Byte[]')
insert into tmp_photo(xh,zp)values(890,'System.Byte[]')
insert into tmp_photo(xh,zp)values(891,'System.Byte[]')
insert into tmp_photo(xh,zp)values(892,'System.Byte[]')
insert into tmp_photo(xh,zp)values(893,'System.Byte[]')
insert into tmp_photo(xh,zp)values(894,'System.Byte[]')
insert into tmp_photo(xh,zp)values(895,'System.Byte[]')
insert into tmp_photo(xh,zp)values(896,'System.Byte[]')
insert into tmp_photo(xh,zp)values(897,'System.Byte[]')
insert into tmp_photo(xh,zp)values(898,'System.Byte[]')
insert into tmp_photo(xh,zp)values(899,'System.Byte[]')
insert into tmp_photo(xh,zp)values(900,'System.Byte[]')
insert into tmp_photo(xh,zp)values(901,'System.Byte[]')
insert into tmp_photo(xh,zp)values(902,'System.Byte[]')
insert into tmp_photo(xh,zp)values(903,'System.Byte[]')
insert into tmp_photo(xh,zp)values(904,'System.Byte[]')
insert into tmp_photo(xh,zp)values(905,'System.Byte[]')
insert into tmp_photo(xh,zp)values(906,'System.Byte[]')
insert into tmp_photo(xh,zp)values(907,'System.Byte[]')
insert into tmp_photo(xh,zp)values(908,'System.Byte[]')
insert into tmp_photo(xh,zp)values(909,'System.Byte[]')
insert into tmp_photo(xh,zp)values(910,'System.Byte[]')
insert into tmp_photo(xh,zp)values(911,'System.Byte[]')
insert into tmp_photo(xh,zp)values(912,'System.Byte[]')
insert into tmp_photo(xh,zp)values(913,'System.Byte[]')
insert into tmp_photo(xh,zp)values(914,'System.Byte[]')
insert into tmp_photo(xh,zp)values(915,'System.Byte[]')
insert into tmp_photo(xh,zp)values(916,'System.Byte[]')
insert into tmp_photo(xh,zp)values(917,'System.Byte[]')
insert into tmp_photo(xh,zp)values(918,'System.Byte[]')
insert into tmp_photo(xh,zp)values(919,'System.Byte[]')
insert into tmp_photo(xh,zp)values(920,'System.Byte[]')
insert into tmp_photo(xh,zp)values(921,'System.Byte[]')
insert into tmp_photo(xh,zp)values(922,'System.Byte[]')
insert into tmp_photo(xh,zp)values(923,'System.Byte[]')
insert into tmp_photo(xh,zp)values(924,'System.Byte[]')
insert into tmp_photo(xh,zp)values(925,'System.Byte[]')
insert into tmp_photo(xh,zp)values(926,'System.Byte[]')
insert into tmp_photo(xh,zp)values(927,'System.Byte[]')
insert into tmp_photo(xh,zp)values(928,'System.Byte[]')
insert into tmp_photo(xh,zp)values(929,'System.Byte[]')
insert into tmp_photo(xh,zp)values(930,'System.Byte[]')
insert into tmp_photo(xh,zp)values(931,'System.Byte[]')
insert into tmp_photo(xh,zp)values(932,'System.Byte[]')
insert into tmp_photo(xh,zp)values(933,'System.Byte[]')
insert into tmp_photo(xh,zp)values(934,'System.Byte[]')
insert into tmp_photo(xh,zp)values(935,'System.Byte[]')
insert into tmp_photo(xh,zp)values(936,'System.Byte[]')
insert into tmp_photo(xh,zp)values(937,'System.Byte[]')
insert into tmp_photo(xh,zp)values(938,'System.Byte[]')
insert into tmp_photo(xh,zp)values(939,'System.Byte[]')
insert into tmp_photo(xh,zp)values(940,'System.Byte[]')
insert into tmp_photo(xh,zp)values(941,'System.Byte[]')
insert into tmp_photo(xh,zp)values(942,'System.Byte[]')
insert into tmp_photo(xh,zp)values(943,'System.Byte[]')
insert into tmp_photo(xh,zp)values(944,'System.Byte[]')
insert into tmp_photo(xh,zp)values(945,'System.Byte[]')
insert into tmp_photo(xh,zp)values(946,'System.Byte[]')
insert into tmp_photo(xh,zp)values(947,'System.Byte[]')
insert into tmp_photo(xh,zp)values(948,'System.Byte[]')
insert into tmp_photo(xh,zp)values(949,'System.Byte[]')
insert into tmp_photo(xh,zp)values(950,'System.Byte[]')
insert into tmp_photo(xh,zp)values(951,'System.Byte[]')
insert into tmp_photo(xh,zp)values(952,'System.Byte[]')
insert into tmp_photo(xh,zp)values(953,'System.Byte[]')
insert into tmp_photo(xh,zp)values(954,'System.Byte[]')
insert into tmp_photo(xh,zp)values(955,'System.Byte[]')
insert into tmp_photo(xh,zp)values(956,'System.Byte[]')
insert into tmp_photo(xh,zp)values(957,'System.Byte[]')
insert into tmp_photo(xh,zp)values(958,'System.Byte[]')
insert into tmp_photo(xh,zp)values(959,'System.Byte[]')
insert into tmp_photo(xh,zp)values(960,'System.Byte[]')
insert into tmp_photo(xh,zp)values(961,'System.Byte[]')
insert into tmp_photo(xh,zp)values(962,'System.Byte[]')
insert into tmp_photo(xh,zp)values(963,'System.Byte[]')
insert into tmp_photo(xh,zp)values(964,'System.Byte[]')
insert into tmp_photo(xh,zp)values(965,'System.Byte[]')
insert into tmp_photo(xh,zp)values(966,'System.Byte[]')
insert into tmp_photo(xh,zp)values(967,'System.Byte[]')
insert into tmp_photo(xh,zp)values(968,'System.Byte[]')
insert into tmp_photo(xh,zp)values(969,'System.Byte[]')
insert into tmp_photo(xh,zp)values(970,'System.Byte[]')
insert into tmp_photo(xh,zp)values(971,'System.Byte[]')
insert into tmp_photo(xh,zp)values(972,'System.Byte[]')
insert into tmp_photo(xh,zp)values(973,'System.Byte[]')
insert into tmp_photo(xh,zp)values(974,'System.Byte[]')
insert into tmp_photo(xh,zp)values(975,'System.Byte[]')
insert into tmp_photo(xh,zp)values(976,'System.Byte[]')
insert into tmp_photo(xh,zp)values(977,'System.Byte[]')
insert into tmp_photo(xh,zp)values(978,'System.Byte[]')
insert into tmp_photo(xh,zp)values(979,'System.Byte[]')
insert into tmp_photo(xh,zp)values(980,'System.Byte[]')
insert into tmp_photo(xh,zp)values(981,'System.Byte[]')
insert into tmp_photo(xh,zp)values(982,'System.Byte[]')
insert into tmp_photo(xh,zp)values(983,'System.Byte[]')
insert into tmp_photo(xh,zp)values(984,'System.Byte[]')
insert into tmp_photo(xh,zp)values(985,'System.Byte[]')
insert into tmp_photo(xh,zp)values(986,'System.Byte[]')
insert into tmp_photo(xh,zp)values(987,'System.Byte[]')
insert into tmp_photo(xh,zp)values(988,'System.Byte[]')
insert into tmp_photo(xh,zp)values(989,'System.Byte[]')
insert into tmp_photo(xh,zp)values(990,'System.Byte[]')
insert into tmp_photo(xh,zp)values(991,'System.Byte[]')
insert into tmp_photo(xh,zp)values(992,'System.Byte[]')
insert into tmp_photo(xh,zp)values(993,'System.Byte[]')
insert into tmp_photo(xh,zp)values(994,'System.Byte[]')
insert into tmp_photo(xh,zp)values(995,'System.Byte[]')
insert into tmp_photo(xh,zp)values(996,'System.Byte[]')
insert into tmp_photo(xh,zp)values(997,'System.Byte[]')
insert into tmp_photo(xh,zp)values(998,'System.Byte[]')
insert into tmp_photo(xh,zp)values(999,'System.Byte[]')
insert into tmp_photo(xh,zp)values(1000,'System.Byte[]')
insert into tmp_photo(xh,zp)values(1001,'System.Byte[]')
insert into tmp_photo(xh,zp)values(1002,'System.Byte[]')
insert into tmp_photo(xh,zp)values(1003,'System.Byte[]')
insert into tmp_photo(xh,zp)values(1004,'System.Byte[]')
insert into tmp_photo(xh,zp)values(1005,'System.Byte[]')
insert into tmp_photo(xh,zp)values(1006,'System.Byte[]')
insert into tmp_photo(xh,zp)values(1007,'System.Byte[]')
insert into tmp_photo(xh,zp)values(1008,'System.Byte[]')
insert into tmp_photo(xh,zp)values(1009,'System.Byte[]')
insert into tmp_photo(xh,zp)values(1010,'System.Byte[]')
insert into tmp_photo(xh,zp)values(1011,'System.Byte[]')
insert into tmp_photo(xh,zp)values(1012,'System.Byte[]')
insert into tmp_photo(xh,zp)values(1013,'System.Byte[]')
insert into tmp_photo(xh,zp)values(1014,'System.Byte[]')
insert into tmp_photo(xh,zp)values(1015,'System.Byte[]')
insert into tmp_photo(xh,zp)values(1016,'System.Byte[]')
insert into tmp_photo(xh,zp)values(1017,'System.Byte[]')
insert into tmp_photo(xh,zp)values(1018,'System.Byte[]')
insert into tmp_photo(xh,zp)values(1019,'System.Byte[]')
insert into tmp_photo(xh,zp)values(1020,'System.Byte[]')
insert into tmp_photo(xh,zp)values(1021,'System.Byte[]')
insert into tmp_photo(xh,zp)values(1022,'System.Byte[]')
insert into tmp_photo(xh,zp)values(1023,'System.Byte[]')
insert into tmp_photo(xh,zp)values(1024,'System.Byte[]')
insert into tmp_photo(xh,zp)values(1025,'System.Byte[]')
insert into tmp_photo(xh,zp)values(1026,'System.Byte[]')
insert into tmp_photo(xh,zp)values(1027,'System.Byte[]')
insert into tmp_photo(xh,zp)values(1028,'System.Byte[]')
insert into tmp_photo(xh,zp)values(1029,'System.Byte[]')
insert into tmp_photo(xh,zp)values(1030,'System.Byte[]')
insert into tmp_photo(xh,zp)values(1031,'System.Byte[]')
insert into tmp_photo(xh,zp)values(1032,'System.Byte[]')
insert into tmp_photo(xh,zp)values(1033,'System.Byte[]')
insert into tmp_photo(xh,zp)values(1034,'System.Byte[]')
insert into tmp_photo(xh,zp)values(1035,'System.Byte[]')
insert into tmp_photo(xh,zp)values(1036,'System.Byte[]')
insert into tmp_photo(xh,zp)values(1037,'System.Byte[]')
insert into tmp_photo(xh,zp)values(1038,'System.Byte[]')
insert into tmp_photo(xh,zp)values(1039,'System.Byte[]')
insert into tmp_photo(xh,zp)values(1040,'System.Byte[]')
insert into tmp_photo(xh,zp)values(1041,'System.Byte[]')
insert into tmp_photo(xh,zp)values(1042,'System.Byte[]')
insert into tmp_photo(xh,zp)values(1043,'System.Byte[]')
insert into tmp_photo(xh,zp)values(1044,'System.Byte[]')
insert into tmp_photo(xh,zp)values(1045,'System.Byte[]')
insert into tmp_photo(xh,zp)values(1046,'System.Byte[]')
insert into tmp_photo(xh,zp)values(1047,'System.Byte[]')
insert into tmp_photo(xh,zp)values(1048,'System.Byte[]')
insert into tmp_photo(xh,zp)values(1049,'System.Byte[]')
insert into tmp_photo(xh,zp)values(1050,'System.Byte[]')
insert into tmp_photo(xh,zp)values(1051,'System.Byte[]')
insert into tmp_photo(xh,zp)values(1052,'System.Byte[]')
insert into tmp_photo(xh,zp)values(1053,'System.Byte[]')
insert into tmp_photo(xh,zp)values(1054,'System.Byte[]')
insert into tmp_photo(xh,zp)values(1055,'System.Byte[]')
insert into tmp_photo(xh,zp)values(1056,'System.Byte[]')
insert into tmp_photo(xh,zp)values(1057,'System.Byte[]')
insert into tmp_photo(xh,zp)values(1058,'System.Byte[]')
insert into tmp_photo(xh,zp)values(1059,'System.Byte[]')
insert into tmp_photo(xh,zp)values(1060,'System.Byte[]')
insert into tmp_photo(xh,zp)values(1061,'System.Byte[]')
insert into tmp_photo(xh,zp)values(1062,'System.Byte[]')
insert into tmp_photo(xh,zp)values(1063,'System.Byte[]')
insert into tmp_photo(xh,zp)values(1064,'System.Byte[]')
insert into tmp_photo(xh,zp)values(1065,'System.Byte[]')
insert into tmp_photo(xh,zp)values(1066,'System.Byte[]')
insert into tmp_photo(xh,zp)values(1067,'System.Byte[]')
insert into tmp_photo(xh,zp)values(1068,'System.Byte[]')
insert into tmp_photo(xh,zp)values(1069,'System.Byte[]')
insert into tmp_photo(xh,zp)values(1070,'System.Byte[]')
insert into tmp_photo(xh,zp)values(1071,'System.Byte[]')
insert into tmp_photo(xh,zp)values(1072,'System.Byte[]')
insert into tmp_photo(xh,zp)values(1073,'System.Byte[]')
insert into tmp_photo(xh,zp)values(1074,'System.Byte[]')
insert into tmp_photo(xh,zp)values(1075,'System.Byte[]')
insert into tmp_photo(xh,zp)values(1076,'System.Byte[]')
insert into tmp_photo(xh,zp)values(1077,'System.Byte[]')
insert into tmp_photo(xh,zp)values(1078,'System.Byte[]')
insert into tmp_photo(xh,zp)values(1079,'System.Byte[]')
insert into tmp_photo(xh,zp)values(1080,'System.Byte[]')
insert into tmp_photo(xh,zp)values(1081,'System.Byte[]')
insert into tmp_photo(xh,zp)values(1082,'System.Byte[]')
insert into tmp_photo(xh,zp)values(1083,'System.Byte[]')
insert into tmp_photo(xh,zp)values(1084,'System.Byte[]')
insert into tmp_photo(xh,zp)values(1085,'System.Byte[]')
insert into tmp_photo(xh,zp)values(1086,'System.Byte[]')
insert into tmp_photo(xh,zp)values(1087,'System.Byte[]')
insert into tmp_photo(xh,zp)values(1088,'System.Byte[]')
insert into tmp_photo(xh,zp)values(1089,'System.Byte[]')
insert into tmp_photo(xh,zp)values(1090,'System.Byte[]')
insert into tmp_photo(xh,zp)values(1091,'System.Byte[]')
insert into tmp_photo(xh,zp)values(1092,'System.Byte[]')
insert into tmp_photo(xh,zp)values(1093,'System.Byte[]')
insert into tmp_photo(xh,zp)values(1094,'System.Byte[]')
insert into tmp_photo(xh,zp)values(1095,'System.Byte[]')
insert into tmp_photo(xh,zp)values(1096,'System.Byte[]')
insert into tmp_photo(xh,zp)values(1097,'System.Byte[]')
insert into tmp_photo(xh,zp)values(1098,'System.Byte[]')
insert into tmp_photo(xh,zp)values(1099,'System.Byte[]')
insert into tmp_photo(xh,zp)values(1100,'System.Byte[]')
insert into tmp_photo(xh,zp)values(1101,'System.Byte[]')
insert into tmp_photo(xh,zp)values(1102,'System.Byte[]')
insert into tmp_photo(xh,zp)values(1103,'System.Byte[]')
insert into tmp_photo(xh,zp)values(1104,'System.Byte[]')
insert into tmp_photo(xh,zp)values(1105,'System.Byte[]')
insert into tmp_photo(xh,zp)values(1106,'System.Byte[]')
insert into tmp_photo(xh,zp)values(1107,'System.Byte[]')
insert into tmp_photo(xh,zp)values(1108,'System.Byte[]')
insert into tmp_photo(xh,zp)values(1109,'System.Byte[]')
insert into tmp_photo(xh,zp)values(1110,'System.Byte[]')
insert into tmp_photo(xh,zp)values(1111,'System.Byte[]')
insert into tmp_photo(xh,zp)values(1112,'System.Byte[]')
insert into tmp_photo(xh,zp)values(1113,'System.Byte[]')
insert into tmp_photo(xh,zp)values(1114,'System.Byte[]')
insert into tmp_photo(xh,zp)values(1115,'System.Byte[]')
insert into tmp_photo(xh,zp)values(1116,'System.Byte[]')
insert into tmp_photo(xh,zp)values(1117,'System.Byte[]')
insert into tmp_photo(xh,zp)values(1118,'System.Byte[]')
insert into tmp_photo(xh,zp)values(1119,'System.Byte[]')
insert into tmp_photo(xh,zp)values(1120,'System.Byte[]')
insert into tmp_photo(xh,zp)values(1121,'System.Byte[]')
insert into tmp_photo(xh,zp)values(1122,'System.Byte[]')
insert into tmp_photo(xh,zp)values(1123,'System.Byte[]')
insert into tmp_photo(xh,zp)values(1124,'System.Byte[]')
insert into tmp_photo(xh,zp)values(1125,'System.Byte[]')
insert into tmp_photo(xh,zp)values(1126,'System.Byte[]')
insert into tmp_photo(xh,zp)values(1127,'System.Byte[]')
insert into tmp_photo(xh,zp)values(1128,'System.Byte[]')
insert into tmp_photo(xh,zp)values(1129,'System.Byte[]')
insert into tmp_photo(xh,zp)values(1130,'System.Byte[]')
insert into tmp_photo(xh,zp)values(1131,'System.Byte[]')
insert into tmp_photo(xh,zp)values(1132,'System.Byte[]')
insert into tmp_photo(xh,zp)values(1133,'System.Byte[]')
insert into tmp_photo(xh,zp)values(1134,'System.Byte[]')
insert into tmp_photo(xh,zp)values(1135,'System.Byte[]')
insert into tmp_photo(xh,zp)values(1136,'System.Byte[]')
insert into tmp_photo(xh,zp)values(1137,'System.Byte[]')
insert into tmp_photo(xh,zp)values(1138,'System.Byte[]')
insert into tmp_photo(xh,zp)values(1139,'System.Byte[]')
insert into tmp_photo(xh,zp)values(1140,'System.Byte[]')
insert into tmp_photo(xh,zp)values(1141,'System.Byte[]')
insert into tmp_photo(xh,zp)values(1142,'System.Byte[]')
insert into tmp_photo(xh,zp)values(1143,'System.Byte[]')
insert into tmp_photo(xh,zp)values(1144,'System.Byte[]')
insert into tmp_photo(xh,zp)values(1145,'System.Byte[]')
insert into tmp_photo(xh,zp)values(1146,'System.Byte[]')
insert into tmp_photo(xh,zp)values(1147,'System.Byte[]')
insert into tmp_photo(xh,zp)values(1148,'System.Byte[]')
insert into tmp_photo(xh,zp)values(1149,'System.Byte[]')
insert into tmp_photo(xh,zp)values(1150,'System.Byte[]')
insert into tmp_photo(xh,zp)values(1151,'System.Byte[]')
insert into tmp_photo(xh,zp)values(1153,'System.Byte[]')
insert into tmp_photo(xh,zp)values(1154,'System.Byte[]')
insert into tmp_photo(xh,zp)values(1155,'System.Byte[]')
insert into tmp_photo(xh,zp)values(1156,'System.Byte[]')
insert into tmp_photo(xh,zp)values(1157,'System.Byte[]')
insert into tmp_photo(xh,zp)values(1158,'System.Byte[]')
insert into tmp_photo(xh,zp)values(1159,'System.Byte[]')
insert into tmp_photo(xh,zp)values(1160,'System.Byte[]')
insert into tmp_photo(xh,zp)values(1161,'System.Byte[]')
insert into tmp_photo(xh,zp)values(1162,'System.Byte[]')
insert into tmp_photo(xh,zp)values(1163,'System.Byte[]')
insert into tmp_photo(xh,zp)values(1164,'System.Byte[]')
insert into tmp_photo(xh,zp)values(1165,'System.Byte[]')
insert into tmp_photo(xh,zp)values(1166,'System.Byte[]')
insert into tmp_photo(xh,zp)values(1167,'System.Byte[]')
insert into tmp_photo(xh,zp)values(1168,'System.Byte[]')
insert into tmp_photo(xh,zp)values(1169,'System.Byte[]')
insert into tmp_photo(xh,zp)values(1170,'System.Byte[]')
insert into tmp_photo(xh,zp)values(1171,'System.Byte[]')
insert into tmp_photo(xh,zp)values(1172,'System.Byte[]')
insert into tmp_photo(xh,zp)values(1173,'System.Byte[]')
insert into tmp_photo(xh,zp)values(1174,'System.Byte[]')
insert into tmp_photo(xh,zp)values(1175,'System.Byte[]')
insert into tmp_photo(xh,zp)values(1176,'System.Byte[]')
insert into tmp_photo(xh,zp)values(1177,'System.Byte[]')
insert into tmp_photo(xh,zp)values(1178,'System.Byte[]')
insert into tmp_photo(xh,zp)values(1179,'System.Byte[]')
insert into tmp_photo(xh,zp)values(1180,'System.Byte[]')
insert into tmp_photo(xh,zp)values(1181,'System.Byte[]')
insert into tmp_photo(xh,zp)values(1182,'System.Byte[]')
insert into tmp_photo(xh,zp)values(1183,'System.Byte[]')
2019-12-13 14:39:57 sync photo [获取或推送数据失败]
2019-12-13 14:41:20 sync photo 任务开始
2019-12-13 14:41:20 sync photo SCM-考勤临时表创建成功
2019-12-13 14:41:20 sync photo 无分组
2019-12-13 14:41:20 sync photo 获取原始数据成功【rowcount】:1175,【run sql】:select AccNo xh,Pic zp from ac_dict_AccPicture
2019-12-13 14:41:20 sync photo 向SCM-考勤插入新数据成功，【数据行数】:1175
2019-12-13 14:41:20 sync photo 获取原始数据成功
2019-12-13 14:41:21 sync photo syn success
2019-12-13 14:41:21 sync photo [success]finish
2019-12-13 14:42:33 sync photo 任务开始
2019-12-13 14:42:33 sync photo SCM-考勤临时表创建成功
2019-12-13 14:42:33 sync photo 无分组
2019-12-13 14:42:33 sync photo 获取原始数据成功【rowcount】:1175,【run sql】:select AccNo xh,Pic zp from ac_dict_AccPicture
2019-12-13 14:42:33 sync photo 向SCM-考勤插入新数据成功，【数据行数】:1175
2019-12-13 14:42:33 sync photo 获取原始数据成功
2019-12-13 14:42:33 sync photo syn success
2019-12-13 14:42:33 sync photo [success]finish
2019-12-13 14:42:42 sync photo 任务开始
2019-12-13 14:42:42 sync photo SCM-考勤临时表创建成功
2019-12-13 14:42:42 sync photo 无分组
2019-12-13 14:42:42 sync photo 获取原始数据成功【rowcount】:1175,【run sql】:select AccNo xh,Pic zp from ac_dict_AccPicture
2019-12-13 14:42:42 sync photo 向SCM-考勤插入新数据成功，【数据行数】:1175
2019-12-13 14:42:42 sync photo 获取原始数据成功
2019-12-13 14:42:42 sync photo syn success
2019-12-13 14:42:42 sync photo [success]finish
2019-12-13 14:43:28  开始调度
2019-12-13 14:43:29  停止调度
2019-12-13 14:43:31 sync photo 任务开始
2019-12-13 14:43:31 sync photo SCM-考勤临时表创建成功
2019-12-13 14:43:31 sync photo 无分组
2019-12-13 14:43:31 sync photo 获取原始数据成功【rowcount】:1175,【run sql】:select AccNo xh,Pic zp from ac_dict_AccPicture
2019-12-13 14:43:31 sync photo 向SCM-考勤插入新数据成功，【数据行数】:1175
2019-12-13 14:43:31 sync photo 获取原始数据成功
2019-12-13 14:43:36 sync photo 不支持关键字: “provider”。
2019-12-13 14:43:50 sync photo 任务开始
2019-12-13 14:43:50 sync photo SCM-考勤临时表创建成功
2019-12-13 14:43:50 sync photo 无分组
2019-12-13 14:43:50 sync photo 获取原始数据成功【rowcount】:1175,【run sql】:select AccNo xh,Pic zp from ac_dict_AccPicture
2019-12-13 14:43:50 sync photo 向SCM-考勤插入新数据成功，【数据行数】:1175
2019-12-13 14:43:50 sync photo 获取原始数据成功
2019-12-13 14:44:18 sync photo 不支持关键字: “provider”。
2019-12-13 14:44:26 sync photo 任务开始
2019-12-13 14:44:26 sync photo SCM-考勤临时表创建成功
2019-12-13 14:44:26 sync photo 无分组
2019-12-13 14:44:26 sync photo 获取原始数据成功【rowcount】:1175,【run sql】:select AccNo xh,Pic zp from ac_dict_AccPicture
2019-12-13 14:44:26 sync photo 向SCM-考勤插入新数据成功，【数据行数】:1175
2019-12-13 14:44:26 sync photo 获取原始数据成功
2019-12-13 14:44:37 sync photo 不支持关键字: “provider”。
2019-12-13 14:44:47 sync photo 任务开始
2019-12-13 14:44:48 sync photo SCM-考勤临时表创建成功
2019-12-13 14:44:48 sync photo 无分组
2019-12-13 14:44:48 sync photo 获取原始数据成功【rowcount】:1175,【run sql】:select AccNo xh,Pic zp from ac_dict_AccPicture
2019-12-13 14:44:48 sync photo 向SCM-考勤插入新数据成功，【数据行数】:1175
2019-12-13 14:44:48 sync photo 获取原始数据成功
2019-12-13 14:45:55 sync photo 不支持关键字: “provider”。
2019-12-13 14:46:31  开始调度
2019-12-13 14:46:32  停止调度
2019-12-13 14:53:24  开始调度
2019-12-13 14:53:27  停止调度
2019-12-13 14:53:29 sync photo 任务开始
2019-12-13 14:53:29 sync photo SCM-考勤临时表创建成功
2019-12-13 14:53:29 sync photo 无分组
2019-12-13 14:53:29 sync photo 获取原始数据成功【rowcount】:1175,【run sql】:select AccNo xh,Pic zp from ac_dict_AccPicture
2019-12-13 14:53:29 sync photo 向SCM-考勤插入新数据成功，【数据行数】:1175
2019-12-13 14:53:29 sync photo 获取原始数据成功
2019-12-13 14:53:37  数据库操作异常对象名 'tmp_photo' 无效。
2019-12-13 14:53:37  数据库操作异常对象名 'tmp_photo' 无效。
2019-12-13 14:53:48 sync photo syn success
2019-12-13 14:53:48 sync photo [success]finish
2019-12-13 15:14:38  开始调度
2019-12-13 15:14:41  停止调度
2019-12-13 15:14:42 sync photo 任务开始
2019-12-13 15:14:42 sync photo SCM-考勤临时表创建成功
2019-12-13 15:14:43 sync photo 无分组
2019-12-13 15:14:43 sync photo 获取原始数据成功【rowcount】:1175,【run sql】:select AccNo xh,Pic zp from ac_dict_AccPicture
2019-12-13 15:14:43 sync photo 向SCM-考勤插入新数据成功，【数据行数】:1175
2019-12-13 15:14:43 sync photo 获取原始数据成功
2019-12-13 15:14:43  数据库操作异常对象名 'tmp_photo' 无效。
2019-12-13 15:14:46  数据库操作异常对象名 'tmp_photo' 无效。
2019-12-13 15:15:19 sync photo syn success
2019-12-13 15:15:19 sync photo [success]finish
2019-12-13 15:15:22 sync photo 任务开始
2019-12-13 15:15:23 sync photo SCM-考勤临时表创建成功
2019-12-13 15:15:23 sync photo 无分组
2019-12-13 15:15:23 sync photo 获取原始数据成功【rowcount】:1175,【run sql】:select AccNo xh,Pic zp from ac_dict_AccPicture
2019-12-13 15:15:23 sync photo 向SCM-考勤插入新数据成功，【数据行数】:1175
2019-12-13 15:15:23 sync photo 获取原始数据成功
2019-12-13 15:15:27  数据库操作异常对象名 'tmp_photo' 无效。
2019-12-13 15:15:35  数据库操作异常对象名 'tmp_photo' 无效。
2019-12-13 15:15:36 sync photo syn success
2019-12-13 15:15:36 sync photo [success]finish
2019-12-13 15:30:19  开始调度
2019-12-13 15:30:22  停止调度
2019-12-13 15:30:23 sync photo 任务开始
2019-12-13 15:30:23 sync photo SCM-考勤临时表创建成功
2019-12-13 15:30:23 sync photo 无分组
2019-12-13 15:30:23 sync photo 获取原始数据成功【rowcount】:1175,【run sql】:select AccNo xh,Pic zp from ac_dict_AccPicture
2019-12-13 15:30:24 sync photo 向SCM-考勤插入新数据成功，【数据行数】:1175
2019-12-13 15:30:24 sync photo 获取原始数据成功
2019-12-13 15:30:47 sync photo syn success
2019-12-13 15:30:47 sync photo [success]finish
2019-12-13 15:32:49  开始调度
2019-12-13 15:33:30  停止调度
2019-12-13 15:35:10  开始调度
2019-12-13 15:35:11  停止调度
2019-12-13 15:35:13 sync photo 任务开始
2019-12-13 15:35:13 sync photo SCM-考勤临时表创建成功
2019-12-13 15:35:13 sync photo 无分组
2019-12-13 15:35:13 sync photo 获取原始数据成功【rowcount】:1175,【run sql】:select AccNo xh,Pic zp from ac_dict_AccPicture
2019-12-13 15:35:13 sync photo 向SCM-考勤插入新数据成功，【数据行数】:1175
2019-12-13 15:35:13 sync photo 获取原始数据成功
2019-12-13 15:35:21 sync photo syn success
2019-12-13 15:35:21 sync photo [success]finish
2019-12-13 15:35:24 sync photo 任务开始
2019-12-13 15:35:24 sync photo SCM-考勤临时表创建成功
2019-12-13 15:35:24 sync photo 无分组
2019-12-13 15:35:24 sync photo 获取原始数据成功【rowcount】:1175,【run sql】:select AccNo xh,Pic zp from ac_dict_AccPicture
2019-12-13 15:35:25 sync photo 向SCM-考勤插入新数据成功，【数据行数】:1175
2019-12-13 15:35:25 sync photo 获取原始数据成功
2019-12-13 15:35:39 sync photo syn success
2019-12-13 15:35:39 sync photo [success]finish
2019-12-13 15:35:52 sync photo 任务开始
2019-12-13 15:35:52 sync photo SCM-考勤临时表创建成功
2019-12-13 15:35:52 sync photo 无分组
2019-12-13 15:35:52 sync photo 获取原始数据成功【rowcount】:1175,【run sql】:select AccNo xh,Pic zp from ac_dict_AccPicture
2019-12-13 15:35:52 sync photo 向SCM-考勤插入新数据成功，【数据行数】:1175
2019-12-13 15:35:52 sync photo 获取原始数据成功
2019-12-13 15:36:25 sync photo syn success
2019-12-13 15:36:25 sync photo [success]finish
2019-12-13 17:05:00  开始调度
2019-12-13 17:05:02  停止调度
2019-12-13 17:05:03 sync photo 任务开始
2019-12-13 17:05:04 sync photo SCM-考勤临时表创建成功
2019-12-13 17:05:04 sync photo 无分组
2019-12-13 17:05:04 sync photo 获取原始数据成功【rowcount】:1175,【run sql】:select AccNo xh,Pic zp from ac_dict_AccPicture
2019-12-13 17:05:04 sync photo 向SCM-考勤插入新数据成功，【数据行数】:1175
2019-12-13 17:05:04 sync photo 获取原始数据成功
2019-12-13 17:05:20 sync photo syn success
2019-12-13 17:05:20 sync photo [success]finish
2019-12-13 17:05:32 sync photo 任务开始
2019-12-13 17:05:32 sync photo SCM-考勤临时表创建成功
2019-12-13 17:05:32 sync photo 无分组
2019-12-13 17:05:32 sync photo 获取原始数据成功【rowcount】:1175,【run sql】:select AccNo xh,Pic zp from ac_dict_AccPicture
2019-12-13 17:05:33 sync photo 向SCM-考勤插入新数据成功，【数据行数】:1175
2019-12-13 17:05:33 sync photo 获取原始数据成功
2019-12-13 17:07:29 sync photo syn success
2019-12-13 17:07:29 sync photo [success]finish
2019-12-13 17:07:33 sync photo 任务开始
2019-12-13 17:07:33 sync photo SCM-考勤临时表创建成功
2019-12-13 17:07:33 sync photo 无分组
2019-12-13 17:07:33 sync photo 获取原始数据成功【rowcount】:1175,【run sql】:select AccNo xh,Pic zp from ac_dict_AccPicture
2019-12-13 17:07:33 sync photo 向SCM-考勤插入新数据成功，【数据行数】:1175
2019-12-13 17:07:33 sync photo 获取原始数据成功
2019-12-13 17:07:40 sync photo syn success
2019-12-13 17:07:40 sync photo [success]finish
2019-12-13 17:07:56 sync photo 任务开始
2019-12-13 17:07:56 sync photo SCM-考勤临时表创建成功
2019-12-13 17:07:56 sync photo 无分组
2019-12-13 17:07:56 sync photo 获取原始数据成功【rowcount】:1175,【run sql】:select AccNo xh,Pic zp from ac_dict_AccPicture
2019-12-13 17:07:56 sync photo 向SCM-考勤插入新数据成功，【数据行数】:1175
2019-12-13 17:07:56 sync photo 获取原始数据成功
2019-12-13 17:08:22 sync photo syn success
2019-12-13 17:08:22 sync photo [success]finish
2019-12-13 17:08:49 sync photo 任务开始
2019-12-13 17:08:49 sync photo SCM-考勤临时表创建成功
2019-12-13 17:08:49 sync photo 无分组
2019-12-13 17:08:49 sync photo 获取原始数据成功【rowcount】:1175,【run sql】:select AccNo xh,Pic zp from ac_dict_AccPicture
2019-12-13 17:08:49 sync photo 向SCM-考勤插入新数据成功，【数据行数】:1175
2019-12-13 17:08:49 sync photo 获取原始数据成功
2019-12-13 17:09:10 sync photo syn success
2019-12-13 17:09:10 sync photo [success]finish
